Session ID: 131577 - No abbreviation found for morphology label 'Féminin'
Session ID: 131577 - No abbreviation found for morphology label 'Féminin pluriel'
Session ID: 131640 - No abbreviation found for part of speech 'nom féminin pluriel'
Session ID: 131725 - No abbreviation found for part of speech 'pronon régime indirect'
Session ID: 131726 - No abbreviation found for part of speech 'préposition'
Session ID: 131796 - No abbreviation found for part of speech 'nom masculin pluriel'
Session ID: 131846 - No abbreviation found for morphology label 'Féminin'
Session ID: 131846 - No abbreviation found for morphology label 'Féminin pluriel'
Session ID: 131861 - No abbreviation found for morphology label 'féminin singulier état libre'
Session ID: 131861 - No abbreviation found for morphology label 'féminin singulier état d'annexion'
Session ID: 131888 - No abbreviation found for morphology label 'féminin singulier état libre'
Session ID: 131888 - No abbreviation found for morphology label 'féminin singulier état d'annexion'
Session ID: 131899 - No abbreviation found for morphology label 'féminin singulier état libre'
Session ID: 131899 - No abbreviation found for morphology label 'féminin singulier état d'annexion'
Session ID: 132095 - No abbreviation found for morphology label 'féminin singulier état libre'
Session ID: 132095 - No abbreviation found for morphology label 'féminin singulier état d'annexion'
Session ID: 132116 - No abbreviation found for morphology label 'féminin singulier état libre'
Session ID: 132116 - No abbreviation found for morphology label 'féminin singulier état d'annexion'
Session ID: 132119 - No abbreviation found for part of speech 'interjection exclamative'
Session ID: 132297 - No abbreviation found for morphology label 'féminin singulier état libre'
Session ID: 132297 - No abbreviation found for morphology label 'féminin singulier état d'annexion'
Session ID: 132296 - No abbreviation found for morphology label 'féminin singulier état libre'
Session ID: 132296 - No abbreviation found for morphology label 'féminin singulier état d'annexion'
Session ID: 132315 - No abbreviation found for morphology label 'Féminin'
Session ID: 132315 - No abbreviation found for morphology label 'Féminin pluriel'
Session ID: 132350 - No abbreviation found for part of speech 'préposition'
Session ID: 132450 - No abbreviation found for morphology label 'Féminin'
Session ID: 132450 - No abbreviation found for morphology label 'Féminin pluriel'
