Session ID: 134723 - No abbreviation found for part of speech 'nom masculin collectif'
Session ID: 134766 - No abbreviation found for morphology label 'Aoriste'
Session ID: 134902 - No abbreviation found for part of speech 'préverbe'
Session ID: 134944 - No abbreviation found for part of speech 'nom masculin pluriel'
Session ID: 134983 - No abbreviation found for part of speech 'préposition'
Session ID: 135017 - No abbreviation found for part of speech 'pronon régime indirect'
Session ID: 135021 - No abbreviation found for part of speech 'pronon régime indirect'
Session ID: 135019 - No abbreviation found for part of speech 'pronon régime indirect'
Session ID: 135033 - No abbreviation found for part of speech 'pronon régime indirect'
Session ID: 135060 - No abbreviation found for part of speech 'adverbe ,'
Session ID: 135096 - No abbreviation found for part of speech 'foc. ?'
Session ID: 135097 - No abbreviation found for part of speech 'pronon régime indirect'
Session ID: 135113 - No abbreviation found for morphology label 'Féminin'
Session ID: 135113 - No abbreviation found for morphology label 'Féminin pluriel'
Session ID: 135116 - No abbreviation found for part of speech 'pronom démonstratif'
Session ID: 135116 - No abbreviation found for part of speech 'subodonnant'
Session ID: 135122 - No abbreviation found for part of speech 'pronom démonstratif'
Session ID: 135122 - No abbreviation found for part of speech 'subodonnant'
Session ID: 135133 - No abbreviation found for part of speech 'particule  nominale'
Session ID: 135134 - No abbreviation found for part of speech 'nom masculin pluriel'
Session ID: 135282 - No abbreviation found for part of speech 'nom masculin pluriel'
Session ID: 135288 - No abbreviation found for part of speech 'nom masculin pluriel'
Session ID: 135346 - No abbreviation found for morphology label 'Féminin'
Session ID: 135346 - No abbreviation found for morphology label 'Féminin pluriel'
Session ID: 135374 - No abbreviation found for part of speech 'nom masculin pluriel'
Session ID: 135413 - No abbreviation found for morphology label 'Féminin'
Session ID: 135413 - No abbreviation found for morphology label 'Féminin pluriel'
