Session ID: 137515 - No abbreviation found for part of speech 'nom masculin pluriel'
Session ID: 137543 - No abbreviation found for morphology label 'Aoriste'
Session ID: 137604 - No abbreviation found for part of speech 'nom masculin collectif'
Session ID: 137629 - No abbreviation found for part of speech 'nom masculin collectif'
Session ID: 137638 - No abbreviation found for part of speech 'nom masculin collectif'
Session ID: 137647 - No abbreviation found for part of speech 'nom féminin pluriel'
Session ID: 137657 - No abbreviation found for part of speech 'nom masculin collectif'
Session ID: 137719 - No abbreviation found for part of speech 'préposition'
Session ID: 137738 - No abbreviation found for part of speech '?'
Session ID: 137770 - No abbreviation found for part of speech 'coordonnant'
Session ID: 137771 - No abbreviation found for part of speech 'nom masculin pluriel'
Session ID: 137804 - No abbreviation found for part of speech 'particule  nominale'
Session ID: 137855 - No abbreviation found for part of speech 'quantifieur'
Session ID: 137866 - No abbreviation found for part of speech 'quantifieur'
Session ID: 137862 - No abbreviation found for part of speech 'quantifieur'
Session ID: 137899 - No abbreviation found for morphology label 'Aoriste'
Session ID: 137929 - No abbreviation found for part of speech 'quantifieur'
Session ID: 137945 - No abbreviation found for part of speech 'préposition'
Session ID: 137984 - No abbreviation found for part of speech 'préposition'
Session ID: 138023 - No abbreviation found for part of speech 'pronom  autonome'
Session ID: 138024 - No abbreviation found for part of speech 'pronom  autonome'
Session ID: 138025 - No abbreviation found for part of speech 'pronom  autonome'
Session ID: 138021 - No abbreviation found for part of speech 'pronom  autonome'
Session ID: 138026 - No abbreviation found for part of speech 'pronom  autonome'
Session ID: 138029 - No abbreviation found for part of speech 'pronom  possessif'
Session ID: 138031 - No abbreviation found for part of speech 'pronom  possessif'
Session ID: 138070 - No abbreviation found for part of speech 'coordonnant'
Session ID: 138073 - No abbreviation found for part of speech 'pronom  autonome'
Session ID: 138074 - No abbreviation found for part of speech 'pronom  autonome'
Session ID: 138091 - No abbreviation found for part of speech 'pronom  possessif'
Session ID: 138094 - No abbreviation found for part of speech 'nom masculin collectif'
Session ID: 138108 - No abbreviation found for part of speech 'pronom  possessif'
Session ID: 138125 - No abbreviation found for part of speech 'pronom  possessif'
Session ID: 138124 - No abbreviation found for part of speech 'pronom  possessif'
Session ID: 138134 - No abbreviation found for part of speech 'pronom  possessif'
Session ID: 138137 - No abbreviation found for part of speech 'pronom  possessif'
Session ID: 138141 - No abbreviation found for part of speech 'pronom  possessif'
Session ID: 138142 - No abbreviation found for part of speech 'pronom  possessif'
Session ID: 138143 - No abbreviation found for part of speech 'pronom  possessif'
Session ID: 138174 - No abbreviation found for part of speech 'coordonnant'
Session ID: 138208 - No abbreviation found for part of speech 'pronom  autonome'
Session ID: 138209 - No abbreviation found for part of speech 'pronom  autonome'
Session ID: 138236 - No abbreviation found for part of speech 'particule  nominale'
Session ID: 138305 - No abbreviation found for part of speech 'nom masculin pluriel'
Session ID: 138308 - No abbreviation found for part of speech 'nom masculin pluriel'
Session ID: 138331 - No abbreviation found for part of speech 'nom masculin pluriel'
Session ID: 138351 - No abbreviation found for morphology label 'Féminin'
Session ID: 138351 - No abbreviation found for morphology label 'Féminin pluriel'
Session ID: 138359 - No abbreviation found for part of speech 'coordonnant'
Session ID: 138365 - No abbreviation found for morphology label 'Féminin'
Session ID: 138365 - No abbreviation found for morphology label 'Féminin pluriel'
Session ID: 138368 - No abbreviation found for part of speech 'nom féminin pluriel'
Session ID: 138381 - No abbreviation found for part of speech 'nom masculin pluriel'
Session ID: 138376 - No abbreviation found for part of speech 'particule  nominale'
Session ID: 138385 - No abbreviation found for morphology label 'Féminin'
Session ID: 138385 - No abbreviation found for morphology label 'Féminin pluriel'
Session ID: 138388 - No abbreviation found for part of speech 'nom masculin pluriel'
Session ID: 138406 - No abbreviation found for morphology label 'Féminin'
Session ID: 138406 - No abbreviation found for morphology label 'Féminin pluriel'
Session ID: 138408 - No abbreviation found for morphology label 'Féminin'
Session ID: 138408 - No abbreviation found for morphology label 'Féminin pluriel'
Session ID: 138418 - No abbreviation found for morphology label 'Féminin'
Session ID: 138418 - No abbreviation found for morphology label 'Féminin pluriel'
Session ID: 138425 - No abbreviation found for morphology label 'Féminin'
Session ID: 138425 - No abbreviation found for morphology label 'Féminin pluriel'
Session ID: 138438 - No abbreviation found for part of speech 'préverbe'
Session ID: 138449 - No abbreviation found for part of speech 'nom masculin pluriel'
Session ID: 138459 - No abbreviation found for part of speech 'nom masculin pluriel'
