Session ID: 129481 - No abbreviation found for part of speech 'vocatif'
Session ID: 129500 - No abbreviation found for morphology label 'Féminin'
Session ID: 129500 - No abbreviation found for morphology label 'Féminin pluriel'
Session ID: 129536 - No abbreviation found for morphology label 'Féminin'
Session ID: 129536 - No abbreviation found for morphology label 'Féminin pluriel'
Session ID: 129538 - No abbreviation found for morphology label 'Féminin'
Session ID: 129538 - No abbreviation found for morphology label 'Féminin pluriel'
Session ID: 129778 - No abbreviation found for part of speech 'nom masculin collectif'
Session ID: 129883 - No abbreviation found for part of speech 'préposition'
Session ID: 129944 - No abbreviation found for part of speech 'préposition'
Session ID: 129972 - No abbreviation found for morphology label 'Féminin'
Session ID: 129972 - No abbreviation found for morphology label 'Féminin pluriel'
Session ID: 130054 - No abbreviation found for morphology label 'Féminin'
Session ID: 130054 - No abbreviation found for morphology label 'Féminin pluriel'
Session ID: 130056 - No abbreviation found for morphology label 'Féminin'
Session ID: 130056 - No abbreviation found for morphology label 'Féminin pluriel'
Session ID: 130090 - No abbreviation found for morphology label 'Féminin'
Session ID: 130090 - No abbreviation found for morphology label 'Féminin pluriel'
Session ID: 130103 - No abbreviation found for morphology label 'Féminin'
Session ID: 130103 - No abbreviation found for morphology label 'Féminin pluriel'
Session ID: 130130 - No abbreviation found for part of speech 'préposition'
Session ID: 130152 - No abbreviation found for morphology label 'Féminin'
Session ID: 130152 - No abbreviation found for morphology label 'Féminin pluriel'
Session ID: 130162 - No abbreviation found for part of speech 'préverbe'
Session ID: 130186 - No abbreviation found for morphology label 'féminin singulier état libre'
Session ID: 130186 - No abbreviation found for morphology label 'féminin singulier état d'annexion'
Session ID: 130200 - No abbreviation found for part of speech 'nom masculin pluriel'
Session ID: 130218 - No abbreviation found for morphology label 'Aoriste'
Session ID: 130223 - No abbreviation found for part of speech 'nom masculin collectif'
Session ID: 130246 - No abbreviation found for morphology label 'féminin singulier état libre'
Session ID: 130246 - No abbreviation found for morphology label 'féminin singulier état d'annexion'
Session ID: 130268 - No abbreviation found for morphology label 'Féminin'
Session ID: 130268 - No abbreviation found for morphology label 'Féminin pluriel'
Session ID: 130271 - No abbreviation found for part of speech 'nom masculin collectif'
Session ID: 130279 - No abbreviation found for morphology label 'Féminin'
Session ID: 130279 - No abbreviation found for morphology label 'Féminin pluriel'
