Session ID: 144265 - No abbreviation found for morphology label 'Aoriste'
Session ID: 144272 - No abbreviation found for morphology label 'féminin singulier état libre'
Session ID: 144272 - No abbreviation found for morphology label 'féminin singulier état d'annexion'
Session ID: 144282 - No abbreviation found for morphology label 'féminin singulier état d'annexion'
Session ID: 144278 - No abbreviation found for morphology label 'Aoriste'
Session ID: 144297 - No abbreviation found for morphology label 'Aoriste'
Session ID: 144298 - No abbreviation found for morphology label 'Aoriste'
Session ID: 144312 - No abbreviation found for morphology label 'Aoriste'
Session ID: 144312 - No abbreviation found for morphology label 'participe singulier'
Session ID: 144312 - No abbreviation found for morphology label 'participe pluriel'
Session ID: 144323 - No abbreviation found for morphology label 'féminin singulier état libre'
Session ID: 144323 - No abbreviation found for morphology label 'féminin singulier état d'annexion'
Session ID: 144324 - No abbreviation found for morphology label 'féminin singulier état libre'
Session ID: 144324 - No abbreviation found for morphology label 'féminin singulier état d'annexion'
Session ID: 144322 - No abbreviation found for morphology label 'féminin singulier état libre'
Session ID: 144322 - No abbreviation found for morphology label 'féminin singulier état d'annexion'
Session ID: 144331 - No abbreviation found for morphology label 'Aoriste'
Session ID: 144328 - No abbreviation found for morphology label 'féminin singulier état libre'
Session ID: 144328 - No abbreviation found for morphology label 'féminin singulier état d'annexion'
Session ID: 144329 - No abbreviation found for morphology label 'féminin singulier état libre'
Session ID: 144329 - No abbreviation found for morphology label 'féminin singulier état d'annexion'
Session ID: 144334 - No abbreviation found for morphology label 'Aoriste'
Session ID: 144335 - No abbreviation found for morphology label 'féminin singulier état libre'
Session ID: 144335 - No abbreviation found for morphology label 'féminin singulier état d'annexion'
Session ID: 144339 - No abbreviation found for morphology label 'Aoriste'
Session ID: 144340 - No abbreviation found for morphology label 'Aoriste'
Session ID: 144336 - No abbreviation found for morphology label 'féminin singulier état libre'
Session ID: 144336 - No abbreviation found for morphology label 'féminin singulier état d'annexion'
Session ID: 144351 - No abbreviation found for morphology label 'féminin singulier état libre'
Session ID: 144350 - No abbreviation found for morphology label 'féminin singulier état libre'
Session ID: 144351 - No abbreviation found for morphology label 'féminin singulier état d'annexion'
Session ID: 144350 - No abbreviation found for morphology label 'féminin singulier état d'annexion'
Session ID: 144358 - No abbreviation found for morphology label 'Aoriste'
Session ID: 144371 - No abbreviation found for morphology label 'féminin singulier état libre'
Session ID: 144371 - No abbreviation found for morphology label 'féminin singulier état d'annexion'
Session ID: 144366 - No abbreviation found for morphology label 'féminin singulier état libre'
Session ID: 144366 - No abbreviation found for morphology label 'féminin singulier état d'annexion'
Session ID: 144384 - No abbreviation found for morphology label 'féminin singulier état libre'
Session ID: 144384 - No abbreviation found for morphology label 'féminin singulier état d'annexion'
Session ID: 144385 - No abbreviation found for morphology label 'Aoriste'
Session ID: 144381 - No abbreviation found for morphology label 'féminin singulier état libre'
Session ID: 144381 - No abbreviation found for morphology label 'féminin singulier état d'annexion'
Session ID: 144386 - No abbreviation found for morphology label 'Aoriste'
Session ID: 144395 - No abbreviation found for morphology label 'féminin singulier état libre'
Session ID: 144395 - No abbreviation found for morphology label 'féminin singulier état d'annexion'
Session ID: 144398 - No abbreviation found for morphology label 'féminin singulier état libre'
Session ID: 144398 - No abbreviation found for morphology label 'féminin singulier état d'annexion'
Session ID: 144401 - No abbreviation found for morphology label 'féminin singulier état libre'
Session ID: 144396 - No abbreviation found for morphology label 'féminin singulier état libre'
Session ID: 144401 - No abbreviation found for morphology label 'féminin singulier état d'annexion'
Session ID: 144399 - No abbreviation found for morphology label 'féminin singulier état libre'
Session ID: 144400 - No abbreviation found for morphology label 'féminin singulier état libre'
Session ID: 144400 - No abbreviation found for morphology label 'féminin singulier état d'annexion'
Session ID: 144396 - No abbreviation found for morphology label 'féminin singulier état d'annexion'
Session ID: 144399 - No abbreviation found for morphology label 'féminin singulier état d'annexion'
Session ID: 144406 - No abbreviation found for morphology label 'féminin singulier état libre'
Session ID: 144404 - No abbreviation found for morphology label 'féminin singulier état libre'
Session ID: 144406 - No abbreviation found for morphology label 'féminin singulier état d'annexion'
Session ID: 144404 - No abbreviation found for morphology label 'féminin singulier état d'annexion'
Session ID: 144414 - No abbreviation found for morphology label 'féminin singulier état libre'
Session ID: 144414 - No abbreviation found for morphology label 'féminin singulier état d'annexion'
Session ID: 144410 - No abbreviation found for morphology label 'Féminin'
Session ID: 144410 - No abbreviation found for morphology label 'Féminin pluriel'
Session ID: 144408 - No abbreviation found for morphology label 'féminin singulier état libre'
Session ID: 144408 - No abbreviation found for morphology label 'féminin singulier état d'annexion'
Session ID: 144411 - No abbreviation found for morphology label 'féminin singulier état libre'
Session ID: 144411 - No abbreviation found for morphology label 'féminin singulier état d'annexion'
Session ID: 144412 - No abbreviation found for morphology label 'féminin singulier état libre'
Session ID: 144412 - No abbreviation found for morphology label 'féminin singulier état d'annexion'
Session ID: 144424 - No abbreviation found for morphology label 'féminin singulier état libre'
Session ID: 144424 - No abbreviation found for morphology label 'féminin singulier état d'annexion'
Session ID: 144428 - No abbreviation found for part of speech 'nom masculin pluriel'
Session ID: 144429 - No abbreviation found for morphology label 'Aoriste'
Session ID: 144430 - No abbreviation found for morphology label 'féminin singulier état libre'
Session ID: 144430 - No abbreviation found for morphology label 'féminin singulier état d'annexion'
Session ID: 144433 - No abbreviation found for morphology label 'féminin singulier état libre'
Session ID: 144434 - No abbreviation found for morphology label 'Aoriste'
Session ID: 144433 - No abbreviation found for morphology label 'féminin singulier état d'annexion'
Session ID: 144447 - No abbreviation found for morphology label 'Aoriste'
Session ID: 144453 - No abbreviation found for morphology label 'féminin singulier état libre'
Session ID: 144453 - No abbreviation found for morphology label 'féminin singulier état d'annexion'
Session ID: 144458 - No abbreviation found for morphology label 'Aoriste'
Session ID: 144461 - No abbreviation found for morphology label 'Aoriste'
Session ID: 144463 - No abbreviation found for morphology label 'féminin singulier état libre'
Session ID: 144463 - No abbreviation found for morphology label 'féminin singulier état d'annexion'
Session ID: 144470 - No abbreviation found for morphology label 'féminin singulier état libre'
Session ID: 144470 - No abbreviation found for morphology label 'féminin singulier état d'annexion'
Session ID: 144471 - No abbreviation found for morphology label 'féminin singulier état libre'
Session ID: 144471 - No abbreviation found for morphology label 'féminin singulier état d'annexion'
Session ID: 144474 - No abbreviation found for morphology label 'féminin singulier état libre'
Session ID: 144474 - No abbreviation found for morphology label 'féminin singulier état d'annexion'
Session ID: 144482 - No abbreviation found for part of speech 'nom masculin pluriel'
Session ID: 144480 - No abbreviation found for morphology label 'Aoriste'
Session ID: 144481 - No abbreviation found for part of speech 'nom masculin pluriel'
Session ID: 144497 - No abbreviation found for morphology label 'Aoriste'
Session ID: 144501 - No abbreviation found for morphology label 'Aoriste'
Session ID: 144516 - No abbreviation found for morphology label 'Aoriste'
Session ID: 144533 - No abbreviation found for part of speech 'nom féminin pluriel'
Session ID: 144540 - No abbreviation found for morphology label 'Aoriste'
Session ID: 144541 - No abbreviation found for morphology label 'Aoriste'
Session ID: 144550 - No abbreviation found for morphology label 'Aoriste'
Session ID: 144553 - No abbreviation found for morphology label 'Aoriste'
Session ID: 144556 - No abbreviation found for morphology label 'Aoriste'
Session ID: 144558 - No abbreviation found for morphology label 'Aoriste'
Session ID: 144565 - No abbreviation found for morphology label 'Aoriste'
Session ID: 144562 - No abbreviation found for morphology label 'Aoriste'
Session ID: 144572 - No abbreviation found for morphology label 'féminin singulier état libre'
Session ID: 144572 - No abbreviation found for morphology label 'féminin singulier état d'annexion'
Session ID: 144577 - No abbreviation found for morphology label 'féminin singulier état libre'
Session ID: 144577 - No abbreviation found for morphology label 'féminin singulier état d'annexion'
Session ID: 144578 - No abbreviation found for morphology label 'Aoriste'
Session ID: 144579 - No abbreviation found for morphology label 'Aoriste'
Session ID: 144601 - No abbreviation found for morphology label 'Aoriste'
Session ID: 144622 - No abbreviation found for morphology label 'Aoriste'
Session ID: 144627 - No abbreviation found for morphology label 'Aoriste'
Session ID: 144632 - No abbreviation found for morphology label 'Aoriste'
Session ID: 144634 - No abbreviation found for morphology label 'Aoriste'
Session ID: 144630 - No abbreviation found for morphology label 'Aoriste'
Session ID: 144638 - No abbreviation found for morphology label 'Aoriste'
Session ID: 144641 - No abbreviation found for morphology label 'Aoriste'
Session ID: 144644 - No abbreviation found for morphology label 'Aoriste'
Session ID: 144667 - No abbreviation found for morphology label 'Aoriste'
Session ID: 144660 - No abbreviation found for morphology label 'Aoriste'
Session ID: 144668 - No abbreviation found for morphology label 'Aoriste'
Session ID: 144677 - No abbreviation found for morphology label 'Aoriste'
Session ID: 144675 - No abbreviation found for morphology label 'Aoriste'
Session ID: 144676 - No abbreviation found for morphology label 'Aoriste'
Session ID: 144678 - No abbreviation found for morphology label 'Aoriste'
Session ID: 144681 - No abbreviation found for morphology label 'Aoriste'
Session ID: 144682 - No abbreviation found for morphology label 'Aoriste'
Session ID: 144683 - No abbreviation found for morphology label 'Aoriste'
Session ID: 144684 - No abbreviation found for morphology label 'féminin singulier état libre'
Session ID: 144680 - No abbreviation found for morphology label 'Aoriste'
Session ID: 144684 - No abbreviation found for morphology label 'féminin singulier état d'annexion'
Session ID: 144690 - No abbreviation found for morphology label 'Aoriste'
Session ID: 144694 - No abbreviation found for morphology label 'Aoriste'
Session ID: 144701 - No abbreviation found for morphology label 'Aoriste'
Session ID: 144695 - No abbreviation found for morphology label 'Aoriste'
Session ID: 144699 - No abbreviation found for morphology label 'Aoriste'
Session ID: 144698 - No abbreviation found for morphology label 'Aoriste'
Session ID: 144702 - No abbreviation found for morphology label 'Aoriste'
Session ID: 144703 - No abbreviation found for morphology label 'Aoriste'
Session ID: 144705 - No abbreviation found for morphology label 'Aoriste'
Session ID: 144706 - No abbreviation found for morphology label 'Aoriste'
Session ID: 144709 - No abbreviation found for morphology label 'Aoriste'
Session ID: 144715 - No abbreviation found for morphology label 'Aoriste'
Session ID: 144714 - No abbreviation found for morphology label 'Aoriste'
Session ID: 144713 - No abbreviation found for morphology label 'Aoriste'
Session ID: 144719 - No abbreviation found for morphology label 'Aoriste'
Session ID: 144725 - No abbreviation found for morphology label 'Aoriste'
Session ID: 144720 - No abbreviation found for morphology label 'Aoriste'
Session ID: 144730 - No abbreviation found for morphology label 'Aoriste'
Session ID: 144731 - No abbreviation found for morphology label 'Aoriste'
Session ID: 144733 - No abbreviation found for morphology label 'Aoriste'
Session ID: 144734 - No abbreviation found for morphology label 'Aoriste'
Session ID: 144735 - No abbreviation found for morphology label 'Aoriste'
Session ID: 144737 - No abbreviation found for morphology label 'Aoriste'
Session ID: 144736 - No abbreviation found for morphology label 'Aoriste'
Session ID: 144740 - No abbreviation found for morphology label 'Aoriste'
Session ID: 144741 - No abbreviation found for morphology label 'Aoriste'
Session ID: 144742 - No abbreviation found for morphology label 'Aoriste'
Session ID: 144747 - No abbreviation found for morphology label 'Aoriste'
Session ID: 144746 - No abbreviation found for morphology label 'Aoriste'
Session ID: 144744 - No abbreviation found for morphology label 'Aoriste'
Session ID: 144745 - No abbreviation found for morphology label 'Aoriste'
Session ID: 144749 - No abbreviation found for morphology label 'Aoriste'
Session ID: 144751 - No abbreviation found for morphology label 'Aoriste'
