Session ID: 135527 - No abbreviation found for part of speech 'nom masculin pluriel'
Session ID: 135550 - No abbreviation found for part of speech 'nom masculin collectif'
Session ID: 135565 - No abbreviation found for part of speech 'nom masculin collectif'
Session ID: 135616 - No abbreviation found for part of speech 'nom masculin collectif'
Session ID: 135623 - No abbreviation found for part of speech 'préposition'
Session ID: 135651 - No abbreviation found for part of speech 'particule  nominale'
Session ID: 135747 - No abbreviation found for part of speech 'nom masculin collectif'
Session ID: 135791 - No abbreviation found for morphology label 'Aoriste'
Session ID: 135798 - No abbreviation found for part of speech 'préposition'
Session ID: 135801 - No abbreviation found for part of speech 'particule  nominale'
Session ID: 135873 - No abbreviation found for part of speech 'préposition'
Session ID: 135904 - No abbreviation found for part of speech 'préposition'
Session ID: 135906 - No abbreviation found for part of speech 'préverbe'
Session ID: 135913 - No abbreviation found for part of speech 'préposition'
Session ID: 135920 - No abbreviation found for part of speech 'préposition'
Session ID: 136073 - No abbreviation found for part of speech 'préposition'
Session ID: 136233 - No abbreviation found for part of speech 'pronom  autonome'
Session ID: 136234 - No abbreviation found for part of speech 'pronom  autonome'
Session ID: 136245 - No abbreviation found for part of speech 'pronom  autonome'
Session ID: 136246 - No abbreviation found for part of speech 'pronom  autonome'
Session ID: 136268 - No abbreviation found for part of speech 'quantifieur'
Session ID: 136267 - No abbreviation found for part of speech ''
Session ID: 136267 - No abbreviation found for part of speech 'quantifieur'
Session ID: 136307 - No abbreviation found for part of speech 'pronom  autonome'
Session ID: 136310 - No abbreviation found for part of speech 'pronom  autonome'
Session ID: 136309 - No abbreviation found for part of speech 'pronom  autonome'
Session ID: 136312 - No abbreviation found for part of speech 'verbe                                              ,'
