Session ID: 136592 - No abbreviation found for part of speech 'préposition'
Session ID: 136612 - No abbreviation found for part of speech 'préverbe'
Session ID: 136732 - No abbreviation found for part of speech 'nom masculin pluriel'
Session ID: 136731 - No abbreviation found for part of speech 'préposition'
Session ID: 136752 - No abbreviation found for part of speech 'nom masculin pluriel'
Session ID: 136753 - No abbreviation found for part of speech 'nom masculin pluriel'
Session ID: 136751 - No abbreviation found for part of speech 'nom masculin pluriel'
Session ID: 136759 - No abbreviation found for part of speech 'nom masculin pluriel'
Session ID: 136756 - No abbreviation found for part of speech 'nom masculin pluriel'
Session ID: 136763 - No abbreviation found for part of speech 'nom masculin pluriel'
Session ID: 136764 - No abbreviation found for part of speech 'nom masculin pluriel'
Session ID: 136770 - No abbreviation found for part of speech 'nom masculin pluriel'
Session ID: 136798 - No abbreviation found for part of speech 'nom masculin pluriel'
Session ID: 136808 - No abbreviation found for part of speech '?'
Session ID: 136810 - No abbreviation found for part of speech 'nom masculin pluriel'
Session ID: 136823 - No abbreviation found for part of speech 'nom masculin pluriel'
Session ID: 136824 - No abbreviation found for part of speech 'nom masculin pluriel'
Session ID: 136826 - No abbreviation found for part of speech 'nom masculin pluriel'
Session ID: 136828 - No abbreviation found for part of speech 'nom masculin pluriel'
Session ID: 136832 - No abbreviation found for part of speech 'nom masculin pluriel'
Session ID: 136829 - No abbreviation found for part of speech 'nom masculin pluriel'
Session ID: 136836 - No abbreviation found for part of speech 'nom masculin pluriel'
Session ID: 136846 - No abbreviation found for part of speech 'nom masculin pluriel'
Session ID: 136873 - No abbreviation found for part of speech 'nom masculin pluriel'
Session ID: 136874 - No abbreviation found for part of speech 'nom masculin pluriel'
Session ID: 136879 - No abbreviation found for part of speech 'nom masculin pluriel'
Session ID: 136889 - No abbreviation found for part of speech 'nom masculin pluriel'
Session ID: 136916 - No abbreviation found for part of speech 'nom masculin pluriel'
Session ID: 136915 - No abbreviation found for part of speech 'nom masculin pluriel'
Session ID: 136921 - No abbreviation found for part of speech 'nom masculin pluriel'
Session ID: 136923 - No abbreviation found for part of speech 'nom masculin pluriel'
Session ID: 136929 - No abbreviation found for part of speech 'nom masculin pluriel'
Session ID: 136933 - No abbreviation found for part of speech 'nom masculin pluriel'
Session ID: 136932 - No abbreviation found for part of speech 'nom masculin pluriel'
Session ID: 136953 - No abbreviation found for part of speech 'nom masculin pluriel'
Session ID: 136980 - No abbreviation found for part of speech 'nom masculin pluriel'
Session ID: 136995 - No abbreviation found for part of speech 'nom masculin pluriel'
Session ID: 136994 - No abbreviation found for part of speech 'nom masculin pluriel'
Session ID: 137005 - No abbreviation found for part of speech 'nom masculin pluriel'
Session ID: 137009 - No abbreviation found for part of speech 'nom masculin pluriel'
Session ID: 137011 - No abbreviation found for morphology label 'féminin singulier état libre'
Session ID: 137011 - No abbreviation found for morphology label 'féminin singulier état d'annexion'
Session ID: 137022 - No abbreviation found for part of speech 'nom masculin pluriel'
Session ID: 137035 - No abbreviation found for part of speech 'nom masculin pluriel'
Session ID: 137047 - No abbreviation found for morphology label 'Féminin'
Session ID: 137047 - No abbreviation found for morphology label 'Féminin pluriel'
Session ID: 137088 - No abbreviation found for part of speech 'nom masculin pluriel'
Session ID: 137092 - No abbreviation found for part of speech 'nom masculin pluriel'
Session ID: 137104 - No abbreviation found for part of speech 'nom masculin pluriel'
Session ID: 137111 - No abbreviation found for part of speech 'nom masculin pluriel'
Session ID: 137113 - No abbreviation found for part of speech 'nom masculin pluriel'
Session ID: 137146 - No abbreviation found for part of speech 'nom masculin pluriel'
Session ID: 137154 - No abbreviation found for part of speech 'nom masculin pluriel'
Session ID: 137160 - No abbreviation found for part of speech 'nom masculin pluriel'
Session ID: 137177 - No abbreviation found for part of speech 'préposition'
Session ID: 137187 - No abbreviation found for part of speech 'nom masculin pluriel'
Session ID: 137184 - No abbreviation found for part of speech 'pronom  possessif'
Session ID: 137206 - No abbreviation found for part of speech 'pronom  possessif'
Session ID: 137205 - No abbreviation found for part of speech 'nom masculin pluriel'
Session ID: 137215 - No abbreviation found for part of speech 'pronom  possessif'
Session ID: 137216 - No abbreviation found for part of speech 'nom masculin pluriel'
Session ID: 137220 - No abbreviation found for part of speech 'pronom  possessif'
Session ID: 137223 - No abbreviation found for part of speech 'nom masculin pluriel'
Session ID: 137227 - No abbreviation found for part of speech 'nom masculin pluriel'
Session ID: 137233 - No abbreviation found for part of speech 'nom masculin pluriel'
Session ID: 137238 - No abbreviation found for part of speech 'nom masculin pluriel'
Session ID: 137246 - No abbreviation found for part of speech 'nom masculin pluriel'
Session ID: 137266 - No abbreviation found for part of speech 'nom masculin pluriel'
Session ID: 137270 - No abbreviation found for part of speech 'nom masculin pluriel'
Session ID: 137279 - No abbreviation found for part of speech 'nom masculin pluriel'
Session ID: 137306 - No abbreviation found for part of speech 'nom masculin pluriel'
Session ID: 137303 - No abbreviation found for part of speech 'nom masculin pluriel'
Session ID: 137304 - No abbreviation found for part of speech 'nom masculin pluriel'
Session ID: 137307 - No abbreviation found for part of speech 'nom masculin pluriel'
Session ID: 137324 - No abbreviation found for part of speech 'nom masculin pluriel'
Session ID: 137327 - No abbreviation found for part of speech 'nom masculin pluriel'
Session ID: 137332 - No abbreviation found for part of speech 'nom masculin pluriel'
Session ID: 137333 - No abbreviation found for part of speech 'nom masculin pluriel'
Session ID: 137339 - No abbreviation found for part of speech 'nom masculin pluriel'
Session ID: 137342 - No abbreviation found for part of speech 'nom masculin pluriel'
Session ID: 137364 - No abbreviation found for part of speech 'nom masculin pluriel'
Session ID: 137368 - No abbreviation found for part of speech 'nom masculin pluriel'
Session ID: 137371 - No abbreviation found for part of speech 'nom masculin pluriel'
Session ID: 137378 - No abbreviation found for part of speech 'nom masculin pluriel'
Session ID: 137381 - No abbreviation found for part of speech 'nom masculin pluriel'
Session ID: 137380 - No abbreviation found for part of speech 'nom masculin pluriel'
Session ID: 137389 - No abbreviation found for part of speech 'particule  nominale'
Session ID: 137398 - No abbreviation found for part of speech 'nom masculin pluriel'
Session ID: 137399 - No abbreviation found for part of speech 'nom masculin pluriel'
Session ID: 137403 - No abbreviation found for part of speech 'nom masculin pluriel'
Session ID: 137425 - No abbreviation found for part of speech 'nom masculin pluriel'
Session ID: 137440 - No abbreviation found for part of speech 'nom masculin pluriel'
Session ID: 137451 - No abbreviation found for part of speech 'nom masculin pluriel'
Session ID: 137453 - No abbreviation found for part of speech 'nom masculin pluriel'
Session ID: 137454 - No abbreviation found for part of speech 'nom masculin pluriel'
Session ID: 137467 - No abbreviation found for part of speech 'nom masculin pluriel'
Session ID: 137475 - No abbreviation found for part of speech 'nom masculin pluriel'
Session ID: 137470 - No abbreviation found for part of speech 'nom masculin pluriel'
