Session ID: 132484 - No abbreviation found for morphology label 'féminin singulier état libre'
Session ID: 132484 - No abbreviation found for morphology label 'féminin singulier état d'annexion'
Session ID: 132513 - No abbreviation found for morphology label 'féminin singulier état libre'
Session ID: 132513 - No abbreviation found for morphology label 'féminin singulier état d'annexion'
Session ID: 132610 - No abbreviation found for morphology label 'féminin singulier état libre'
Session ID: 132610 - No abbreviation found for morphology label 'féminin singulier état d'annexion'
Session ID: 132783 - No abbreviation found for morphology label 'Aoriste'
Session ID: 132822 - No abbreviation found for part of speech 'nom masculin collectif'
Session ID: 132829 - No abbreviation found for morphology label 'Féminin'
Session ID: 132829 - No abbreviation found for morphology label 'Féminin pluriel'
Session ID: 132846 - No abbreviation found for morphology label 'Féminin'
Session ID: 132846 - No abbreviation found for morphology label 'Féminin pluriel'
Session ID: 132882 - No abbreviation found for morphology label 'féminin singulier état libre'
Session ID: 132882 - No abbreviation found for morphology label 'féminin singulier état d'annexion'
Session ID: 133083 - No abbreviation found for morphology label 'Féminin'
Session ID: 133083 - No abbreviation found for morphology label 'Féminin pluriel'
Session ID: 133089 - No abbreviation found for morphology label 'Féminin'
Session ID: 133089 - No abbreviation found for morphology label 'Féminin pluriel'
Session ID: 133099 - No abbreviation found for morphology label 'féminin singulier état libre'
Session ID: 133099 - No abbreviation found for morphology label 'féminin singulier état d'annexion'
Session ID: 133161 - No abbreviation found for part of speech 'pronon régime indirect'
Session ID: 133263 - No abbreviation found for part of speech 'nom masculin collectif'
Session ID: 133276 - No abbreviation found for part of speech 'nom masculin pluriel'
Session ID: 133291 - No abbreviation found for morphology label 'féminin singulier état libre'
Session ID: 133291 - No abbreviation found for morphology label 'féminin singulier état d'annexion'
Session ID: 133312 - No abbreviation found for part of speech 'préposition'
Session ID: 133313 - No abbreviation found for part of speech 'préverbe'
Session ID: 133329 - No abbreviation found for morphology label 'Féminin'
Session ID: 133329 - No abbreviation found for morphology label 'Féminin pluriel'
Session ID: 133426 - No abbreviation found for part of speech 'nom masculin collectif'
Session ID: 133437 - No abbreviation found for morphology label 'Féminin'
Session ID: 133437 - No abbreviation found for morphology label 'Féminin pluriel'
Session ID: 133456 - No abbreviation found for part of speech 'nom masculin collectif'
