Session ID: 138481 - No abbreviation found for morphology label 'Féminin'
Session ID: 138481 - No abbreviation found for morphology label 'Féminin pluriel'
Session ID: 138492 - No abbreviation found for morphology label 'Féminin'
Session ID: 138492 - No abbreviation found for morphology label 'Féminin pluriel'
Session ID: 138498 - No abbreviation found for morphology label 'Féminin'
Session ID: 138498 - No abbreviation found for morphology label 'Féminin pluriel'
Session ID: 138493 - No abbreviation found for morphology label 'Féminin'
Session ID: 138493 - No abbreviation found for morphology label 'Féminin pluriel'
Session ID: 138528 - No abbreviation found for morphology label 'Féminin'
Session ID: 138528 - No abbreviation found for morphology label 'Féminin pluriel'
Session ID: 138547 - No abbreviation found for morphology label 'Féminin'
Session ID: 138547 - No abbreviation found for morphology label 'Féminin pluriel'
Session ID: 138553 - No abbreviation found for part of speech '?'
Session ID: 138557 - No abbreviation found for morphology label 'Féminin'
Session ID: 138557 - No abbreviation found for morphology label 'Féminin pluriel'
Session ID: 138567 - No abbreviation found for part of speech 'préverbe'
Session ID: 138639 - No abbreviation found for morphology label 'Aoriste'
Session ID: 138674 - No abbreviation found for part of speech 'nom masculin collectif'
Session ID: 138684 - No abbreviation found for part of speech 'préverbe'
Session ID: 138692 - No abbreviation found for part of speech 'préposition'
Session ID: 138695 - No abbreviation found for part of speech 'préposition'
Session ID: 138712 - No abbreviation found for part of speech 'préposition'
Session ID: 138770 - No abbreviation found for part of speech 'préposition'
Session ID: 138771 - No abbreviation found for part of speech 'préverbe'
Session ID: 138820 - No abbreviation found for part of speech 'préposition'
Session ID: 138819 - No abbreviation found for morphology label 'Aoriste'
Session ID: 138821 - No abbreviation found for part of speech 'préposition'
Session ID: 138830 - No abbreviation found for part of speech '?'
Session ID: 138880 - No abbreviation found for part of speech 'préposition'
Session ID: 138917 - No abbreviation found for part of speech 'particule  nominale'
