Session ID: 142486 - No abbreviation found for part of speech 'nom féminin pluriel'
Session ID: 142488 - No abbreviation found for part of speech 'nom féminin pluriel'
Session ID: 142491 - No abbreviation found for part of speech 'nom féminin pluriel'
Session ID: 142501 - No abbreviation found for part of speech 'nom féminin pluriel'
Session ID: 142505 - No abbreviation found for part of speech 'nom féminin pluriel'
Session ID: 142536 - No abbreviation found for part of speech 'nom féminin pluriel'
Session ID: 142559 - No abbreviation found for part of speech 'nom féminin pluriel'
Session ID: 142566 - No abbreviation found for part of speech 'nom féminin pluriel'
Session ID: 142567 - No abbreviation found for part of speech 'nom féminin pluriel'
Session ID: 142573 - No abbreviation found for part of speech 'nom féminin pluriel'
Session ID: 142579 - No abbreviation found for part of speech 'nom féminin pluriel'
Session ID: 142587 - No abbreviation found for part of speech 'nom féminin pluriel'
Session ID: 142592 - No abbreviation found for part of speech 'nom féminin pluriel'
Session ID: 142593 - No abbreviation found for part of speech 'nom féminin pluriel'
Session ID: 142598 - No abbreviation found for part of speech 'nom féminin pluriel'
Session ID: 142601 - No abbreviation found for part of speech 'nom féminin pluriel'
Session ID: 142631 - No abbreviation found for part of speech 'nom féminin pluriel'
Session ID: 142636 - No abbreviation found for part of speech 'nom féminin pluriel'
Session ID: 142638 - No abbreviation found for part of speech 'nom féminin pluriel'
Session ID: 142639 - No abbreviation found for part of speech 'nom féminin pluriel'
Session ID: 142646 - No abbreviation found for part of speech 'nom féminin pluriel'
Session ID: 142716 - No abbreviation found for part of speech 'nom féminin pluriel'
Session ID: 142715 - No abbreviation found for part of speech 'nom féminin pluriel'
Session ID: 142731 - No abbreviation found for part of speech 'nom féminin pluriel'
Session ID: 142741 - No abbreviation found for part of speech 'nom féminin pluriel'
Session ID: 142742 - No abbreviation found for part of speech 'nom féminin pluriel'
Session ID: 142748 - No abbreviation found for part of speech 'nom féminin pluriel'
Session ID: 142747 - No abbreviation found for part of speech 'nom féminin pluriel'
Session ID: 142753 - No abbreviation found for part of speech 'nom féminin pluriel'
Session ID: 142762 - No abbreviation found for part of speech 'nom féminin pluriel'
Session ID: 142760 - No abbreviation found for part of speech 'nom féminin pluriel'
Session ID: 142775 - No abbreviation found for part of speech 'nom féminin pluriel'
Session ID: 142777 - No abbreviation found for part of speech 'nom féminin pluriel'
Session ID: 142783 - No abbreviation found for part of speech 'nom féminin pluriel'
Session ID: 142782 - No abbreviation found for part of speech 'nom féminin pluriel'
Session ID: 142788 - No abbreviation found for part of speech 'nom féminin pluriel'
Session ID: 142800 - No abbreviation found for part of speech 'nom féminin pluriel'
Session ID: 142808 - No abbreviation found for part of speech 'nom féminin pluriel'
Session ID: 142810 - No abbreviation found for part of speech 'nom féminin pluriel'
Session ID: 142816 - No abbreviation found for part of speech 'nom féminin pluriel'
Session ID: 142821 - No abbreviation found for part of speech 'nom féminin pluriel'
Session ID: 142818 - No abbreviation found for part of speech 'nom féminin pluriel'
Session ID: 142833 - No abbreviation found for part of speech 'nom féminin pluriel'
Session ID: 142832 - No abbreviation found for part of speech 'nom féminin pluriel'
Session ID: 142834 - No abbreviation found for part of speech 'nom féminin pluriel'
Session ID: 142845 - No abbreviation found for part of speech 'nom féminin pluriel'
Session ID: 142850 - No abbreviation found for part of speech 'nom féminin pluriel'
Session ID: 142857 - No abbreviation found for part of speech 'nom féminin pluriel'
Session ID: 142863 - No abbreviation found for part of speech 'nom féminin pluriel'
Session ID: 142863 - No abbreviation found for morphology label 'Etat libre'
Session ID: 142864 - No abbreviation found for part of speech 'nom féminin pluriel'
Session ID: 142872 - No abbreviation found for part of speech 'nom féminin pluriel'
Session ID: 142880 - No abbreviation found for part of speech 'nom féminin pluriel'
Session ID: 142894 - No abbreviation found for part of speech 'nom féminin pluriel'
Session ID: 142893 - No abbreviation found for part of speech 'nom féminin pluriel'
Session ID: 142915 - No abbreviation found for part of speech 'nom féminin pluriel'
Session ID: 142910 - No abbreviation found for part of speech 'nom féminin pluriel'
Session ID: 142918 - No abbreviation found for part of speech 'nom féminin pluriel'
Session ID: 142914 - No abbreviation found for part of speech 'nom féminin pluriel'
Session ID: 142917 - No abbreviation found for part of speech 'nom féminin pluriel'
Session ID: 142932 - No abbreviation found for part of speech 'nom féminin pluriel'
Session ID: 142943 - No abbreviation found for part of speech 'nom féminin pluriel'
Session ID: 142942 - No abbreviation found for part of speech 'nom féminin pluriel'
Session ID: 142955 - No abbreviation found for part of speech 'nom féminin pluriel'
Session ID: 142967 - No abbreviation found for part of speech 'nom féminin pluriel'
Session ID: 142970 - No abbreviation found for part of speech 'nom féminin pluriel'
Session ID: 142980 - No abbreviation found for part of speech 'nom féminin pluriel'
Session ID: 142979 - No abbreviation found for part of speech 'nom féminin pluriel'
Session ID: 142992 - No abbreviation found for part of speech 'nom féminin pluriel'
Session ID: 142998 - No abbreviation found for part of speech 'nom féminin pluriel'
Session ID: 142999 - No abbreviation found for part of speech 'nom féminin pluriel'
Session ID: 143003 - No abbreviation found for part of speech 'nom féminin pluriel'
Session ID: 143004 - No abbreviation found for part of speech 'nom féminin pluriel'
Session ID: 143008 - No abbreviation found for part of speech 'nom féminin pluriel'
Session ID: 143018 - No abbreviation found for part of speech 'nom féminin pluriel'
Session ID: 143065 - No abbreviation found for part of speech 'nom féminin pluriel'
Session ID: 143078 - No abbreviation found for part of speech 'nom féminin pluriel'
Session ID: 143111 - No abbreviation found for part of speech 'nom féminin pluriel'
Session ID: 143111 - No abbreviation found for morphology label 'Etat libre'
Session ID: 143134 - No abbreviation found for part of speech 'nom féminin pluriel'
Session ID: 143139 - No abbreviation found for part of speech 'nom féminin pluriel'
Session ID: 143137 - No abbreviation found for part of speech 'nom féminin pluriel'
Session ID: 143143 - No abbreviation found for part of speech 'nom féminin pluriel'
Session ID: 143154 - No abbreviation found for part of speech 'pronom régime direct'
Session ID: 143156 - No abbreviation found for part of speech 'pronom régime direct'
Session ID: 143155 - No abbreviation found for part of speech 'pronom démonstratif'
Session ID: 143165 - No abbreviation found for part of speech 'nom féminin pluriel'
Session ID: 143224 - No abbreviation found for part of speech 'nom féminin pluriel'
Session ID: 143302 - No abbreviation found for part of speech 'nom féminin pluriel'
Session ID: 143325 - No abbreviation found for part of speech 'nom féminin pluriel'
Session ID: 143344 - No abbreviation found for part of speech 'nom féminin pluriel'
Session ID: 143346 - No abbreviation found for part of speech 'nom féminin pluriel'
Session ID: 143356 - No abbreviation found for part of speech 'nom féminin pluriel'
Session ID: 143372 - No abbreviation found for part of speech 'pronom régime direct'
Session ID: 143412 - No abbreviation found for part of speech 'pronom démonstratif'
Session ID: 143423 - No abbreviation found for part of speech 'quantifieur'
Session ID: 143433 - No abbreviation found for part of speech 'pronom démonstratif'
Session ID: 143433 - No abbreviation found for part of speech 'subodonnant'
Session ID: 143440 - No abbreviation found for part of speech 'pronom démonstratif'
Session ID: 143441 - No abbreviation found for part of speech 'particule  nominale'
Session ID: 143469 - No abbreviation found for part of speech 'particule  nominale'
